# JRE version: Java(TM) SE Runtime Environment (8.0_60-b27) (build 1.8.0_60-b27)
# Java VM: Java HotSpot(TM) 64-Bit Server VM (25.60-b23 mixed mode linux-amd64 compressed oops)
Heap:
 PSYoungGen      total 13824K, used 2168K [0x00000000eff00000, 0x00000000f0d80000, 0x0000000100000000)
  eden space 12800K, 16% used [0x00000000eff00000,0x00000000f010e1e0,0x00000000f0b80000)
  from space 1024K, 6% used [0x00000000f0b80000,0x00000000f0b90000,0x00000000f0c80000)
  to   space 1024K, 0% used [0x00000000f0c80000,0x00000000f0c80000,0x00000000f0d80000)
 ParOldGen       total 34304K, used 5393K [0x00000000cfc00000, 0x00000000d1d80000, 0x00000000eff00000)
  object space 34304K, 15% used [0x00000000cfc00000,0x00000000d01445e0,0x00000000d1d80000)
 Metaspace       used 15014K, capacity 15656K, committed 15744K, reserved 1062912K
  class space    used 1950K, capacity 2117K, committed 2176K, reserved 1048576K
GC Heap History (10 events):
Event: 13117.562 GC heap before
{Heap before GC invocations=41 (full 0):
 PSYoungGen      total 13824K, used 12928K [0x00000000eff00000, 0x00000000f0d80000, 0x0000000100000000)
  eden space 12800K, 100% used [0x00000000eff00000,0x00000000f0b80000,0x00000000f0b80000)
  from space 1024K, 12% used [0x00000000f0c80000,0x00000000f0ca0000,0x00000000f0d80000)
  to   space 1024K, 0% used [0x00000000f0b80000,0x00000000f0b80000,0x00000000f0c80000)
 ParOldGen       total 34304K, used 5393K [0x00000000cfc00000, 0x00000000d1d80000, 0x00000000eff00000)
  object space 34304K, 15% used [0x00000000cfc00000,0x00000000d01445e0,0x00000000d1d80000)
 Metaspace       used 15011K, capacity 15656K, committed 15744K, reserved 1062912K
  class space    used 1950K, capacity 2117K, committed 2176K, reserved 1048576K
Event: 13117.564 GC heap after
Heap after GC invocations=41 (full 0):
 PSYoungGen      total 13824K, used 96K [0x00000000eff00000, 0x00000000f0d80000, 0x0000000100000000)
  eden space 12800K, 0% used [0x00000000eff00000,0x00000000eff00000,0x00000000f0b80000)
  from space 1024K, 9% used [0x00000000f0b80000,0x00000000f0b98000,0x00000000f0c80000)
  to   space 1024K, 0% used [0x00000000f0c80000,0x00000000f0c80000,0x00000000f0d80000)
 ParOldGen       total 34304K, used 5393K [0x00000000cfc00000, 0x00000000d1d80000, 0x00000000eff00000)
  object space 34304K, 15% used [0x00000000cfc00000,0x00000000d01445e0,0x00000000d1d80000)
 Metaspace       used 15011K, capacity 15656K, committed 15744K, reserved 1062912K
  class space    used 1950K, capacity 2117K, committed 2176K, reserved 1048576K
}
Event: 13327.545 GC heap before
{Heap before GC invocations=42 (full 0):
 PSYoungGen      total 13824K, used 12896K [0x00000000eff00000, 0x00000000f0d80000, 0x0000000100000000)
  eden space 12800K, 100% used [0x00000000eff00000,0x00000000f0b80000,0x00000000f0b80000)
  from space 1024K, 9% used [0x00000000f0b80000,0x00000000f0b98000,0x00000000f0c80000)
  to   space 1024K, 0% used [0x00000000f0c80000,0x00000000f0c80000,0x00000000f0d80000)
 ParOldGen       total 34304K, used 5393K [0x00000000cfc00000, 0x00000000d1d80000, 0x00000000eff00000)
  object space 34304K, 15% used [0x00000000cfc00000,0x00000000d01445e0,0x00000000d1d80000)
 Metaspace       used 15011K, capacity 15656K, committed 15744K, reserved 1062912K
  class space    used 1950K, capacity 2117K, committed 2176K, reserved 1048576K
Event: 13327.547 GC heap after
Heap after GC invocations=42 (full 0):
 PSYoungGen      total 13824K, used 128K [0x00000000eff00000, 0x00000000f0d80000, 0x0000000100000000)
  eden space 12800K, 0% used [0x00000000eff00000,0x00000000eff00000,0x00000000f0b80000)
  from space 1024K, 12% used [0x00000000f0c80000,0x00000000f0ca0000,0x00000000f0d80000)
  to   space 1024K, 0% used [0x00000000f0b80000,0x00000000f0b80000,0x00000000f0c80000)
 ParOldGen       total 34304K, used 5393K [0x00000000cfc00000, 0x00000000d1d80000, 0x00000000eff00000)
  object space 34304K, 15% used [0x00000000cfc00000,0x00000000d01445e0,0x00000000d1d80000)
 Metaspace       used 15011K, capacity 15656K, committed 15744K, reserved 1062912K
  class space    used 1950K, capacity 2117K, committed 2176K, reserved 1048576K
}
Event: 13538.609 GC heap before
{Heap before GC invocations=43 (full 0):
 PSYoungGen      total 13824K, used 12928K [0x00000000eff00000, 0x00000000f0d80000, 0x0000000100000000)
  eden space 12800K, 100% used [0x00000000eff00000,0x00000000f0b80000,0x00000000f0b80000)
  from space 1024K, 12% used [0x00000000f0c80000,0x00000000f0ca0000,0x00000000f0d80000)
  to   space 1024K, 0% used [0x00000000f0b80000,0x00000000f0b80000,0x00000000f0c80000)
 ParOldGen       total 34304K, used 5393K [0x00000000cfc00000, 0x00000000d1d80000, 0x00000000eff00000)
  object space 34304K, 15% used [0x00000000cfc00000,0x00000000d01445e0,0x00000000d1d80000)
 Metaspace       used 15011K, capacity 15656K, committed 15744K, reserved 1062912K
  class space    used 1950K, capacity 2117K, committed 2176K, reserved 1048576K
Event: 13538.610 GC heap after
Heap after GC invocations=43 (full 0):
 PSYoungGen      total 13824K, used 96K [0x00000000eff00000, 0x00000000f0d80000, 0x0000000100000000)
  eden space 12800K, 0% used [0x00000000eff00000,0x00000000eff00000,0x00000000f0b80000)
  from space 1024K, 9% used [0x00000000f0b80000,0x00000000f0b98000,0x00000000f0c80000)
  to   space 1024K, 0% used [0x00000000f0c80000,0x00000000f0c80000,0x00000000f0d80000)
 ParOldGen       total 34304K, used 5393K [0x00000000cfc00000, 0x00000000d1d80000, 0x00000000eff00000)
  object space 34304K, 15% used [0x00000000cfc00000,0x00000000d01445e0,0x00000000d1d80000)
 Metaspace       used 15011K, capacity 15656K, committed 15744K, reserved 1062912K
  class space    used 1950K, capacity 2117K, committed 2176K, reserved 1048576K
}
Event: 13748.662 GC heap before
{Heap before GC invocations=44 (full 0):
 PSYoungGen      total 13824K, used 12896K [0x00000000eff00000, 0x00000000f0d80000, 0x0000000100000000)
  eden space 12800K, 100% used [0x00000000eff00000,0x00000000f0b80000,0x00000000f0b80000)
  from space 1024K, 9% used [0x00000000f0b80000,0x00000000f0b98000,0x00000000f0c80000)
  to   space 1024K, 0% used [0x00000000f0c80000,0x00000000f0c80000,0x00000000f0d80000)
 ParOldGen       total 34304K, used 5393K [0x00000000cfc00000, 0x00000000d1d80000, 0x00000000eff00000)
  object space 34304K, 15% used [0x00000000cfc00000,0x00000000d01445e0,0x00000000d1d80000)
 Metaspace       used 15011K, capacity 15656K, committed 15744K, reserved 1062912K
  class space    used 1950K, capacity 2117K, committed 2176K, reserved 1048576K
Event: 13748.664 GC heap after
Heap after GC invocations=44 (full 0):
 PSYoungGen      total 13824K, used 32K [0x00000000eff00000, 0x00000000f0d80000, 0x0000000100000000)
  eden space 12800K, 0% used [0x00000000eff00000,0x00000000eff00000,0x00000000f0b80000)
  from space 1024K, 3% used [0x00000000f0c80000,0x00000000f0c88000,0x00000000f0d80000)
  to   space 1024K, 0% used [0x00000000f0b80000,0x00000000f0b80000,0x00000000f0c80000)
 ParOldGen       total 34304K, used 5393K [0x00000000cfc00000, 0x00000000d1d80000, 0x00000000eff00000)
  object space 34304K, 15% used [0x00000000cfc00000,0x00000000d01445e0,0x00000000d1d80000)
 Metaspace       used 15011K, capacity 15656K, committed 15744K, reserved 1062912K
  class space    used 1950K, capacity 2117K, committed 2176K, reserved 1048576K
}
Event: 13958.662 GC heap before
{Heap before GC invocations=45 (full 0):
 PSYoungGen      total 13824K, used 12832K [0x00000000eff00000, 0x00000000f0d80000, 0x0000000100000000)
  eden space 12800K, 100% used [0x00000000eff00000,0x00000000f0b80000,0x00000000f0b80000)
  from space 1024K, 3% used [0x00000000f0c80000,0x00000000f0c88000,0x00000000f0d80000)
  to   space 1024K, 0% used [0x00000000f0b80000,0x00000000f0b80000,0x00000000f0c80000)
 ParOldGen       total 34304K, used 5393K [0x00000000cfc00000, 0x00000000d1d80000, 0x00000000eff00000)
  object space 34304K, 15% used [0x00000000cfc00000,0x00000000d01445e0,0x00000000d1d80000)
 Metaspace       used 15011K, capacity 15656K, committed 15744K, reserved 1062912K
  class space    used 1950K, capacity 2117K, committed 2176K, reserved 1048576K
Event: 13958.663 GC heap after
Heap after GC invocations=45 (full 0):
 PSYoungGen      total 13824K, used 64K [0x00000000eff00000, 0x00000000f0d80000, 0x0000000100000000)
  eden space 12800K, 0% used [0x00000000eff00000,0x00000000eff00000,0x00000000f0b80000)
  from space 1024K, 6% used [0x00000000f0b80000,0x00000000f0b90000,0x00000000f0c80000)
  to   space 1024K, 0% used [0x00000000f0c80000,0x00000000f0c80000,0x00000000f0d80000)
 ParOldGen       total 34304K, used 5393K [0x00000000cfc00000, 0x00000000d1d80000, 0x00000000eff00000)
  object space 34304K, 15% used [0x00000000cfc00000,0x00000000d01445e0,0x00000000d1d80000)
 Metaspace       used 15011K, capacity 15656K, committed 15744K, reserved 1062912K
  class space    used 1950K, capacity 2117K, committed 2176K, reserved 1048576K
}

